{"/home/ben/Desktop/CSE110/lab8/scripts/router.js": {"path":"/home/ben/Desktop/CSE110/lab8/scripts/router.js","statementMap":{"0":{"start":{"line":2,"column":22},"end":{"line":2,"column":24}},"1":{"start":{"line":4,"column":13},"end":{"line":4,"column":26}},"2":{"start":{"line":5,"column":19},"end":{"line":5,"column":56}},"3":{"start":{"line":6,"column":11},"end":{"line":6,"column":41}},"4":{"start":{"line":7,"column":18},"end":{"line":7,"column":54}},"5":{"start":{"line":15,"column":0},"end":{"line":31,"column":1}},"6":{"start":{"line":16,"column":2},"end":{"line":26,"column":3}},"7":{"start":{"line":18,"column":6},"end":{"line":18,"column":23}},"8":{"start":{"line":19,"column":6},"end":{"line":19,"column":25}},"9":{"start":{"line":20,"column":6},"end":{"line":20,"column":12}},"10":{"start":{"line":22,"column":6},"end":{"line":22,"column":32}},"11":{"start":{"line":23,"column":6},"end":{"line":23,"column":12}},"12":{"start":{"line":25,"column":6},"end":{"line":25,"column":17}},"13":{"start":{"line":28,"column":2},"end":{"line":30,"column":3}},"14":{"start":{"line":29,"column":4},"end":{"line":29,"column":35}},"15":{"start":{"line":37,"column":2},"end":{"line":43,"column":3}},"16":{"start":{"line":38,"column":4},"end":{"line":38,"column":35}},"17":{"start":{"line":39,"column":4},"end":{"line":39,"column":38}},"18":{"start":{"line":41,"column":4},"end":{"line":41,"column":38}},"19":{"start":{"line":42,"column":4},"end":{"line":42,"column":45}},"20":{"start":{"line":52,"column":2},"end":{"line":63,"column":3}},"21":{"start":{"line":53,"column":4},"end":{"line":53,"column":38}},"22":{"start":{"line":54,"column":4},"end":{"line":54,"column":52}},"23":{"start":{"line":55,"column":4},"end":{"line":55,"column":55}},"24":{"start":{"line":56,"column":4},"end":{"line":56,"column":39}},"25":{"start":{"line":57,"column":4},"end":{"line":57,"column":47}},"26":{"start":{"line":58,"column":4},"end":{"line":58,"column":98}},"27":{"start":{"line":59,"column":4},"end":{"line":59,"column":56}},"28":{"start":{"line":61,"column":4},"end":{"line":61,"column":42}},"29":{"start":{"line":62,"column":4},"end":{"line":62,"column":45}},"30":{"start":{"line":70,"column":2},"end":{"line":70,"column":22}},"31":{"start":{"line":71,"column":2},"end":{"line":71,"column":19}},"32":{"start":{"line":80,"column":2},"end":{"line":89,"column":3}},"33":{"start":{"line":82,"column":6},"end":{"line":82,"column":65}},"34":{"start":{"line":83,"column":6},"end":{"line":83,"column":12}},"35":{"start":{"line":85,"column":6},"end":{"line":85,"column":81}},"36":{"start":{"line":86,"column":6},"end":{"line":86,"column":12}},"37":{"start":{"line":88,"column":6},"end":{"line":88,"column":38}},"38":{"start":{"line":90,"column":2},"end":{"line":90,"column":17}}},"fnMap":{"0":{"name":"(anonymous_0)","decl":{"start":{"line":15,"column":18},"end":{"line":15,"column":19}},"loc":{"start":{"line":15,"column":52},"end":{"line":31,"column":1}},"line":15},"1":{"name":"settingsPage","decl":{"start":{"line":36,"column":9},"end":{"line":36,"column":21}},"loc":{"start":{"line":36,"column":28},"end":{"line":44,"column":1}},"line":36},"2":{"name":"entryPage","decl":{"start":{"line":51,"column":9},"end":{"line":51,"column":18}},"loc":{"start":{"line":51,"column":35},"end":{"line":64,"column":1}},"line":51},"3":{"name":"homePage","decl":{"start":{"line":69,"column":9},"end":{"line":69,"column":17}},"loc":{"start":{"line":69,"column":20},"end":{"line":72,"column":1}},"line":69},"4":{"name":"pushToHistory","decl":{"start":{"line":79,"column":16},"end":{"line":79,"column":29}},"loc":{"start":{"line":79,"column":47},"end":{"line":91,"column":1}},"line":79}},"branchMap":{"0":{"loc":{"start":{"line":16,"column":2},"end":{"line":26,"column":3}},"type":"switch","locations":[{"start":{"line":17,"column":4},"end":{"line":20,"column":12}},{"start":{"line":21,"column":4},"end":{"line":23,"column":12}},{"start":{"line":24,"column":4},"end":{"line":25,"column":17}}],"line":16},"1":{"loc":{"start":{"line":28,"column":2},"end":{"line":30,"column":3}},"type":"if","locations":[{"start":{"line":28,"column":2},"end":{"line":30,"column":3}},{"start":{"line":28,"column":2},"end":{"line":30,"column":3}}],"line":28},"2":{"loc":{"start":{"line":28,"column":5},"end":{"line":28,"column":56}},"type":"binary-expr","locations":[{"start":{"line":28,"column":5},"end":{"line":28,"column":17}},{"start":{"line":28,"column":21},"end":{"line":28,"column":56}}],"line":28},"3":{"loc":{"start":{"line":37,"column":2},"end":{"line":43,"column":3}},"type":"if","locations":[{"start":{"line":37,"column":2},"end":{"line":43,"column":3}},{"start":{"line":37,"column":2},"end":{"line":43,"column":3}}],"line":37},"4":{"loc":{"start":{"line":52,"column":2},"end":{"line":63,"column":3}},"type":"if","locations":[{"start":{"line":52,"column":2},"end":{"line":63,"column":3}},{"start":{"line":52,"column":2},"end":{"line":63,"column":3}}],"line":52},"5":{"loc":{"start":{"line":80,"column":2},"end":{"line":89,"column":3}},"type":"switch","locations":[{"start":{"line":81,"column":4},"end":{"line":83,"column":12}},{"start":{"line":84,"column":4},"end":{"line":86,"column":12}},{"start":{"line":87,"column":4},"end":{"line":88,"column":38}}],"line":80}},"s":{"0":1,"1":1,"2":1,"3":1,"4":1,"5":1,"6":0,"7":0,"8":0,"9":0,"10":0,"11":0,"12":0,"13":0,"14":0,"15":0,"16":0,"17":0,"18":0,"19":0,"20":0,"21":0,"22":0,"23":0,"24":0,"25":0,"26":0,"27":0,"28":0,"29":0,"30":0,"31":0,"32":6,"33":1,"34":1,"35":3,"36":3,"37":2,"38":6},"f":{"0":0,"1":0,"2":0,"3":0,"4":6},"b":{"0":[0,0,0],"1":[0,0],"2":[0,0],"3":[0,0],"4":[0,0],"5":[1,3,2]},"_coverageSchema":"1a1c01bbd47fc00a2c39e90264f33305004495a9","hash":"900b8f6700a4ee341d3053473f7d0fdaf44bd070"}
,"/home/ben/Desktop/CSE110/lab8/scripts/sum.js": {"path":"/home/ben/Desktop/CSE110/lab8/scripts/sum.js","statementMap":{"0":{"start":{"line":2,"column":2},"end":{"line":2,"column":15}}},"fnMap":{"0":{"name":"sum","decl":{"start":{"line":1,"column":16},"end":{"line":1,"column":19}},"loc":{"start":{"line":1,"column":26},"end":{"line":3,"column":1}},"line":1}},"branchMap":{},"s":{"0":1},"f":{"0":1},"b":{},"_coverageSchema":"1a1c01bbd47fc00a2c39e90264f33305004495a9","hash":"7f13a6998d2c083c14a24f5c841289b04453461f"}
}
