TN:
SF:scripts\router.js
FN:15,(anonymous_0)
FN:36,settingsPage
FN:51,entryPage
FN:69,homePage
FN:79,pushToHistory
FNF:5
FNH:1
FNDA:0,(anonymous_0)
FNDA:0,settingsPage
FNDA:0,entryPage
FNDA:0,homePage
FNDA:3,pushToHistory
DA:2,1
DA:4,1
DA:5,1
DA:6,1
DA:7,1
DA:15,1
DA:16,0
DA:18,0
DA:19,0
DA:20,0
DA:22,0
DA:23,0
DA:25,0
DA:28,0
DA:29,0
DA:37,0
DA:38,0
DA:39,0
DA:41,0
DA:42,0
DA:52,0
DA:53,0
DA:54,0
DA:55,0
DA:56,0
DA:57,0
DA:58,0
DA:59,0
DA:61,0
DA:62,0
DA:70,0
DA:71,0
DA:80,3
DA:82,1
DA:83,1
DA:85,1
DA:86,1
DA:88,1
DA:90,3
LF:39
LH:13
BRDA:16,0,0,0
BRDA:16,0,1,0
BRDA:16,0,2,0
BRDA:28,1,0,0
BRDA:28,1,1,0
BRDA:28,2,0,0
BRDA:28,2,1,0
BRDA:37,3,0,0
BRDA:37,3,1,0
BRDA:52,4,0,0
BRDA:52,4,1,0
BRDA:80,5,0,1
BRDA:80,5,1,1
BRDA:80,5,2,1
BRF:14
BRH:3
end_of_record
